<?xml version='1.0' encoding='UTF-8'?>
<testsuite hostname="setor-7" name="MetaTest" tests="3" errors="0" failures="0" time="0.145">
        <properties>
[...]
</properties>
        <testcase classname="MetaTest" name="devePermitirCriarMeta" time="0.0">
      
    </testcase><testcase classname="MetaTest" name="definirMetaComoConcluida" time="0.0">
      
    </testcase><testcase classname="MetaTest" name="adicionarMetaSomenteNasProximasSeisSemanas" time="0.0">
      
    </testcase>
        <system-out>
          
        </system-out>
        <system-err>
          
        </system-err>
      </testsuite>